<?xml version="1.0" encoding="UTF-8"?>
<testng-results ignored="0" total="2" passed="2" failed="0" skipped="0">
  <reporter-output>
  </reporter-output>
  <suite started-at="2018-05-21T20:51:53Z" name="Default suite" finished-at="2018-05-21T20:51:58Z" duration-ms="5623">
    <groups>
    </groups>
    <test started-at="2018-05-21T20:51:53Z" name="Default test" finished-at="2018-05-21T20:51:58Z" duration-ms="5623">
      <class name="testcases.LoginPageTest">
        <test-method is-config="true" signature="initialize()[pri:0, instance:testcases.LoginPageTest@7748410a]" started-at="2018-05-21T20:51:53Z" name="initialize" finished-at="2018-05-21T20:51:57Z" duration-ms="4307" status="PASS">
          <reporter-output>
          </reporter-output>
        </test-method> <!-- initialize -->
        <test-method signature="loginPageTitletest()[pri:1, instance:testcases.LoginPageTest@7748410a]" started-at="2018-05-21T20:51:57Z" name="loginPageTitletest" finished-at="2018-05-21T20:51:57Z" duration-ms="152" status="PASS">
          <reporter-output>
          </reporter-output>
        </test-method> <!-- loginPageTitletest -->
        <test-method signature="loginTest()[pri:2, instance:testcases.LoginPageTest@7748410a]" started-at="2018-05-21T20:51:57Z" name="loginTest" finished-at="2018-05-21T20:51:58Z" duration-ms="344" status="PASS">
          <reporter-output>
          </reporter-output>
        </test-method> <!-- loginTest -->
        <test-method is-config="true" signature="teardown()[pri:0, instance:testcases.LoginPageTest@7748410a]" started-at="2018-05-21T20:51:58Z" name="teardown" finished-at="2018-05-21T20:51:58Z" duration-ms="768" status="PASS">
          <reporter-output>
          </reporter-output>
        </test-method> <!-- teardown -->
      </class> <!-- testcases.LoginPageTest -->
    </test> <!-- Default test -->
  </suite> <!-- Default suite -->
</testng-results>
